# JRE version: OpenJDK Runtime Environment (11.0.11+9) (build 11.0.11+9-b60-7590822)
# Java VM: OpenJDK 64-Bit Server VM (11.0.11+9-b60-7590822, mixed mode, tiered, compressed oops, g1 gc, windows-amd64)
Heap:
 garbage-first heap   total 157696K, used 78161K [0x0000000080000000, 0x0000000100000000)
  region size 1024K, 51 young (52224K), 9 survivors (9216K)
 Metaspace       used 51167K, capacity 52467K, committed 52560K, reserved 1095680K
  class space    used 6509K, capacity 6983K, committed 7040K, reserved 1048576K
GC Heap History (18 events):
Event: 0.772 GC heap before
{Heap before GC invocations=0 (full 0):
 garbage-first heap   total 131072K, used 17408K [0x0000000080000000, 0x0000000100000000)
  region size 1024K, 14 young (14336K), 0 survivors (0K)
 Metaspace       used 6778K, capacity 6985K, committed 7168K, reserved 1056768K
  class space    used 584K, capacity 650K, committed 768K, reserved 1048576K
}
Event: 0.778 GC heap after
{Heap after GC invocations=1 (full 0):
 garbage-first heap   total 131072K, used 4325K [0x0000000080000000, 0x0000000100000000)
  region size 1024K, 2 young (2048K), 2 survivors (2048K)
 Metaspace       used 6778K, capacity 6985K, committed 7168K, reserved 1056768K
  class space    used 584K, capacity 650K, committed 768K, reserved 1048576K
}
Event: 1.222 GC heap before
{Heap before GC invocations=1 (full 0):
 garbage-first heap   total 131072K, used 18661K [0x0000000080000000, 0x0000000100000000)
  region size 1024K, 13 young (13312K), 2 survivors (2048K)
 Metaspace       used 10266K, capacity 10549K, committed 10624K, reserved 1058816K
  class space    used 1071K, capacity 1139K, committed 1152K, reserved 1048576K
}
Event: 1.227 GC heap after
{Heap after GC invocations=2 (full 0):
 garbage-first heap   total 131072K, used 9487K [0x0000000080000000, 0x0000000100000000)
  region size 1024K, 2 young (2048K), 2 survivors (2048K)
 Metaspace       used 10266K, capacity 10549K, committed 10624K, reserved 1058816K
  class space    used 1071K, capacity 1139K, committed 1152K, reserved 1048576K
}
Event: 2.051 GC heap before
{Heap before GC invocations=2 (full 0):
 garbage-first heap   total 131072K, used 36111K [0x0000000080000000, 0x0000000100000000)
  region size 1024K, 28 young (28672K), 2 survivors (2048K)
 Metaspace       used 11268K, capacity 11504K, committed 11776K, reserved 1060864K
  class space    used 1175K, capacity 1244K, committed 1280K, reserved 1048576K
}
Event: 2.056 GC heap after
{Heap after GC invocations=3 (full 0):
 garbage-first heap   total 131072K, used 9846K [0x0000000080000000, 0x0000000100000000)
  region size 1024K, 3 young (3072K), 3 survivors (3072K)
 Metaspace       used 11268K, capacity 11504K, committed 11776K, reserved 1060864K
  class space    used 1175K, capacity 1244K, committed 1280K, reserved 1048576K
}
Event: 5.121 GC heap before
{Heap before GC invocations=3 (full 0):
 garbage-first heap   total 131072K, used 49782K [0x0000000080000000, 0x0000000100000000)
  region size 1024K, 42 young (43008K), 3 survivors (3072K)
 Metaspace       used 16833K, capacity 17290K, committed 17536K, reserved 1064960K
  class space    used 1936K, capacity 2068K, committed 2176K, reserved 1048576K
}
Event: 5.134 GC heap after
{Heap after GC invocations=4 (full 0):
 garbage-first heap   total 131072K, used 15652K [0x0000000080000000, 0x0000000100000000)
  region size 1024K, 6 young (6144K), 6 survivors (6144K)
 Metaspace       used 16833K, capacity 17290K, committed 17536K, reserved 1064960K
  class space    used 1936K, capacity 2068K, committed 2176K, reserved 1048576K
}
Event: 5.890 GC heap before
{Heap before GC invocations=4 (full 0):
 garbage-first heap   total 131072K, used 48420K [0x0000000080000000, 0x0000000100000000)
  region size 1024K, 39 young (39936K), 6 survivors (6144K)
 Metaspace       used 20703K, capacity 21164K, committed 21296K, reserved 1069056K
  class space    used 2532K, capacity 2660K, committed 2688K, reserved 1048576K
}
Event: 5.905 GC heap after
{Heap after GC invocations=5 (full 0):
 garbage-first heap   total 131072K, used 16819K [0x0000000080000000, 0x0000000100000000)
  region size 1024K, 2 young (2048K), 2 survivors (2048K)
 Metaspace       used 20703K, capacity 21164K, committed 21296K, reserved 1069056K
  class space    used 2532K, capacity 2660K, committed 2688K, reserved 1048576K
}
Event: 6.961 GC heap before
{Heap before GC invocations=6 (full 0):
 garbage-first heap   total 131072K, used 68019K [0x0000000080000000, 0x0000000100000000)
  region size 1024K, 52 young (53248K), 2 survivors (2048K)
 Metaspace       used 26003K, capacity 26632K, committed 26752K, reserved 1073152K
  class space    used 3392K, capacity 3617K, committed 3712K, reserved 1048576K
}
Event: 6.970 GC heap after
{Heap after GC invocations=7 (full 0):
 garbage-first heap   total 157696K, used 18665K [0x0000000080000000, 0x0000000100000000)
  region size 1024K, 4 young (4096K), 4 survivors (4096K)
 Metaspace       used 26003K, capacity 26632K, committed 26752K, reserved 1073152K
  class space    used 3392K, capacity 3617K, committed 3712K, reserved 1048576K
}
Event: 9.760 GC heap before
{Heap before GC invocations=7 (full 0):
 garbage-first heap   total 157696K, used 78057K [0x0000000080000000, 0x0000000100000000)
  region size 1024K, 63 young (64512K), 4 survivors (4096K)
 Metaspace       used 35143K, capacity 35906K, committed 36048K, reserved 1081344K
  class space    used 4562K, capacity 4863K, committed 4864K, reserved 1048576K
}
Event: 9.780 GC heap after
{Heap after GC invocations=8 (full 0):
 garbage-first heap   total 157696K, used 22186K [0x0000000080000000, 0x0000000100000000)
  region size 1024K, 7 young (7168K), 7 survivors (7168K)
 Metaspace       used 35143K, capacity 35906K, committed 36048K, reserved 1081344K
  class space    used 4562K, capacity 4863K, committed 4864K, reserved 1048576K
}
Event: 14.349 GC heap before
{Heap before GC invocations=9 (full 0):
 garbage-first heap   total 157696K, used 110250K [0x0000000080000000, 0x0000000100000000)
  region size 1024K, 91 young (93184K), 7 survivors (7168K)
 Metaspace       used 42100K, capacity 43017K, committed 43216K, reserved 1087488K
  class space    used 5436K, capacity 5791K, committed 5888K, reserved 1048576K
}
Event: 14.392 GC heap after
{Heap after GC invocations=10 (full 0):
 garbage-first heap   total 157696K, used 28246K [0x0000000080000000, 0x0000000100000000)
  region size 1024K, 12 young (12288K), 12 survivors (12288K)
 Metaspace       used 42100K, capacity 43017K, committed 43216K, reserved 1087488K
  class space    used 5436K, capacity 5791K, committed 5888K, reserved 1048576K
}
Event: 18.074 GC heap before
{Heap before GC invocations=10 (full 0):
 garbage-first heap   total 157696K, used 110166K [0x0000000080000000, 0x0000000100000000)
  region size 1024K, 92 young (94208K), 12 survivors (12288K)
 Metaspace       used 47870K, capacity 48984K, committed 49104K, reserved 1091584K
  class space    used 6104K, capacity 6540K, committed 6656K, reserved 1048576K
}
Event: 18.099 GC heap after
{Heap after GC invocations=11 (full 0):
 garbage-first heap   total 157696K, used 31057K [0x0000000080000000, 0x0000000100000000)
  region size 1024K, 9 young (9216K), 9 survivors (9216K)
 Metaspace       used 47870K, capacity 48984K, committed 49104K, reserved 1091584K
  class space    used 6104K, capacity 6540K, committed 6656K, reserved 1048576K
}

